\BOOKMARK [1][-]{section.1}{\376\377\000C\000o\000n\000t\000e\000x\000t}{}% 1
\BOOKMARK [1][-]{section.2}{\376\377\000Q\000u\000a\000d\000c\000o\000p\000t\000e\000r\000\040\000M\000o\000d\000e\000l}{}% 2
\BOOKMARK [1][-]{section.3}{\376\377\000S\000t\000a\000b\000i\000l\000i\000s\000a\000t\000i\000o\000n\000:\000\040\000P\000r\000o\000p\000o\000r\000t\000i\000o\000n\000a\000l\000-\000I\000n\000t\000e\000g\000r\000a\000l\000-\000D\000e\000r\000i\000v\000a\000t\000i\000v\000e\000\040\000C\000o\000n\000t\000r\000o\000l\000l\000e\000r}{}% 3
\BOOKMARK [2][-]{subsection.3.1}{\376\377\000F\000a\000u\000l\000t\000s\000\040\000-\000\040\000O\000s\000c\000i\000l\000l\000a\000t\000i\000o\000n}{section.3}% 4
\BOOKMARK [1][-]{section.4}{\376\377\000M\000e\000t\000h\000o\000d\000o\000l\000o\000g\000y\000\040\000-\000\040\000w\000h\000a\000t\000\040\000a\000r\000e\000\040\000t\000h\000e\000\040\000m\000e\000t\000r\000i\000c\000s\000,\000\040\000h\000o\000w\000\040\000d\000o\000\040\000w\000e\000\040\000d\000e\000f\000i\000n\000e\000\040\000s\000u\000c\000c\000e\000s\000s\000?}{}% 5
\BOOKMARK [1][-]{section.5}{\376\377\000I\000n\000t\000r\000o\000d\000u\000c\000i\000n\000g\000\040\000A\000u\000t\000o\000n\000o\000m\000y}{}% 6
\BOOKMARK [2][-]{subsection.5.1}{\376\377\000B\000o\000i\000d\000s\000:\000\040\000F\000l\000o\000c\000k\000i\000n\000g\000\040\000B\000e\000h\000a\000v\000i\000o\000u\000r}{section.5}% 7
\BOOKMARK [2][-]{subsection.5.2}{\376\377\000B\000o\000i\000d\000s\000:\000\040\000G\000o\000a\000l\000\040\000S\000e\000e\000k\000i\000n\000g}{section.5}% 8
\BOOKMARK [1][-]{section.6}{\376\377\000O\000b\000s\000t\000a\000c\000l\000e\000s}{}% 9
\BOOKMARK [2][-]{subsection.6.1}{\376\377\000O\000b\000s\000t\000a\000c\000l\000e\000\040\000A\000v\000o\000i\000d\000a\000n\000c\000e}{section.6}% 10
\BOOKMARK [2][-]{subsection.6.2}{\376\377\000L\000i\000m\000i\000t\000a\000t\000i\000o\000n\000s\000\040\000o\000f\000\040\000B\000o\000i\000d\000s}{section.6}% 11
\BOOKMARK [1][-]{section.7}{\376\377\000C\000o\000m\000p\000l\000e\000x\000\040\000P\000a\000t\000h\000f\000i\000n\000d\000i\000n\000g\000\040\000f\000o\000r\000\040\000H\000o\000s\000t\000i\000l\000e\000\040\000E\000n\000v\000i\000r\000o\000n\000m\000e\000n\000t\000s}{}% 12
\BOOKMARK [2][-]{subsection.7.1}{\376\377\000A\000*\000\040\000-\000\040\000T\000h\000e\000\040\000H\000a\000c\000k\000s\000\040\000\046\000\040\000B\000o\000d\000g\000e\000s\000?}{section.7}% 13
\BOOKMARK [2][-]{subsection.7.2}{\376\377\000P\000a\000i\000r\000\040\000P\000o\000t\000e\000n\000t\000i\000a\000l\000\040\000M\000o\000d\000e\000l}{section.7}% 14
\BOOKMARK [3][-]{subsubsection.7.2.1}{\376\377\000O\000b\000s\000t\000a\000c\000l\000e\000\040\000A\000v\000o\000i\000d\000a\000n\000c\000e}{subsection.7.2}% 15
\BOOKMARK [1][-]{section.8}{\376\377\000R\000e\000a\000l\000\040\000W\000o\000r\000l\000d\000\040\000L\000i\000m\000i\000t\000a\000t\000i\000o\000n\000s}{}% 16
\BOOKMARK [2][-]{subsection.8.1}{\376\377\000R\000e\000a\000l\000\040\000W\000o\000r\000l\000d\000\040\000R\000e\000p\000r\000e\000s\000e\000n\000a\000t\000i\000o\000n}{section.8}% 17
\BOOKMARK [2][-]{subsection.8.2}{\376\377\000S\000e\000n\000s\000i\000n\000g\000\040\000\046\000\040\000V\000i\000s\000i\000o\000n}{section.8}% 18
\BOOKMARK [1][-]{section.9}{\376\377\000E\000x\000t\000e\000n\000s\000i\000o\000n\000s}{}% 19
\BOOKMARK [2][-]{subsection.9.1}{\376\377\000O\000b\000s\000t\000a\000c\000l\000e\000\040\000D\000e\000t\000e\000c\000t\000i\000o\000n}{section.9}% 20
\BOOKMARK [2][-]{subsection.9.2}{\376\377\000S\000e\000m\000i\000-\000A\000u\000t\000o\000n\000o\000m\000o\000u\000s\000\040\000C\000o\000n\000t\000r\000o\000l}{section.9}% 21
\BOOKMARK [1][-]{section.10}{\376\377\000E\000v\000a\000l\000u\000a\000t\000i\000o\000n}{}% 22
\BOOKMARK [2][-]{subsection.10.1}{\376\377\000S\000p\000e\000e\000d\000-\000S\000u\000c\000c\000e\000s\000s\000-\000F\000l\000o\000c\000k\000\040\000S\000i\000z\000e\000\040\000T\000r\000a\000d\000e\000o\000f\000f\000s}{section.10}% 23
\BOOKMARK [2][-]{subsection.10.2}{\376\377\000U\000s\000e\000\040\000C\000a\000s\000e\000s}{section.10}% 24
