\BOOKMARK [1][-]{section.1}{\376\377\000C\000o\000n\000t\000e\000x\000t}{}% 1
\BOOKMARK [2][-]{subsection.1.1}{\376\377\000I\000n\000t\000r\000o\000d\000u\000c\000t\000i\000o\000n}{section.1}% 2
\BOOKMARK [2][-]{subsection.1.2}{\376\377\000B\000a\000c\000k\000g\000r\000o\000u\000n\000d}{section.1}% 3
\BOOKMARK [1][-]{section.2}{\376\377\000P\000h\000y\000s\000i\000c\000s\000\040\000M\000o\000d\000e\000l}{}% 4
\BOOKMARK [2][-]{subsection.2.1}{\376\377\000A\000g\000e\000n\000t}{section.2}% 5
\BOOKMARK [2][-]{subsection.2.2}{\376\377\000S\000t\000a\000b\000i\000l\000i\000s\000a\000t\000i\000o\000n}{section.2}% 6
\BOOKMARK [3][-]{subsubsection.2.2.1}{\376\377\000P\000r\000o\000p\000o\000r\000t\000i\000o\000n\000a\000l\000\040\000C\000o\000n\000t\000r\000o\000l\000l\000e\000r}{subsection.2.2}% 7
\BOOKMARK [3][-]{subsubsection.2.2.2}{\376\377\000D\000e\000r\000i\000v\000a\000t\000i\000v\000e\000\040\000C\000o\000n\000t\000r\000o\000l\000l\000e\000r}{subsection.2.2}% 8
\BOOKMARK [3][-]{subsubsection.2.2.3}{\376\377\000I\000n\000t\000e\000g\000r\000a\000l\000\040\000C\000o\000n\000t\000r\000o\000l\000l\000e\000r}{subsection.2.2}% 9
\BOOKMARK [3][-]{subsubsection.2.2.4}{\376\377\000P\000I\000D\000\040\000C\000o\000n\000t\000r\000o\000l\000l\000e\000r}{subsection.2.2}% 10
\BOOKMARK [3][-]{subsubsection.2.2.5}{\376\377\000P\000I\000D\000\040\000P\000a\000r\000a\000m\000e\000t\000e\000r\000\040\000T\000u\000n\000i\000n\000g}{subsection.2.2}% 11
\BOOKMARK [2][-]{subsection.2.3}{\376\377\000E\000n\000v\000i\000r\000o\000n\000m\000e\000n\000t\000\040\000M\000o\000d\000e\000l}{section.2}% 12
\BOOKMARK [1][-]{section.3}{\376\377\000I\000n\000t\000r\000o\000d\000u\000c\000i\000n\000g\000\040\000A\000u\000t\000o\000n\000o\000m\000y}{}% 13
\BOOKMARK [2][-]{subsection.3.1}{\376\377\000M\000o\000v\000e\000m\000e\000n\000t\000\040\000t\000o\000\040\000P\000o\000s\000i\000t\000i\000o\000n}{section.3}% 14
\BOOKMARK [2][-]{subsection.3.2}{\376\377\000B\000o\000i\000d\000s\000\040\000\050\0001\0009\0008\0007\000\051}{section.3}% 15
\BOOKMARK [3][-]{subsubsection.3.2.1}{\376\377\000A\000v\000o\000i\000d\000a\000n\000c\000e}{subsection.3.2}% 16
\BOOKMARK [3][-]{subsubsection.3.2.2}{\376\377\000A\000l\000i\000g\000n\000m\000e\000n\000t}{subsection.3.2}% 17
\BOOKMARK [3][-]{subsubsection.3.2.3}{\376\377\000C\000o\000h\000e\000s\000i\000o\000n}{subsection.3.2}% 18
\BOOKMARK [3][-]{subsubsection.3.2.4}{\376\377\000C\000o\000m\000b\000i\000n\000i\000n\000g\000\040\000B\000e\000h\000a\000v\000i\000o\000u\000r\000s}{subsection.3.2}% 19
\BOOKMARK [2][-]{subsection.3.3}{\376\377\000E\000x\000t\000e\000n\000d\000e\000d\000\040\000B\000o\000i\000d\000s}{section.3}% 20
\BOOKMARK [3][-]{subsubsection.3.3.1}{\376\377\000G\000o\000a\000l\000\040\000S\000e\000e\000k\000i\000n\000g}{subsection.3.3}% 21
\BOOKMARK [3][-]{subsubsection.3.3.2}{\376\377\000T\000e\000r\000r\000a\000i\000n\000\040\000G\000e\000n\000e\000r\000a\000t\000i\000o\000n}{subsection.3.3}% 22
\BOOKMARK [3][-]{subsubsection.3.3.3}{\376\377\000T\000e\000r\000r\000a\000i\000n\000\040\000A\000v\000o\000i\000d\000a\000n\000c\000e}{subsection.3.3}% 23
\BOOKMARK [1][-]{section.4}{\376\377\000M\000e\000t\000h\000o\000d\000o\000l\000o\000g\000y}{}% 24
\BOOKMARK [2][-]{subsection.4.1}{\376\377\000S\000c\000e\000n\000a\000r\000i\000o\000\040\0001\000:\000\040\000S\000h\000o\000r\000t\000e\000s\000t\000\040\000F\000i\000r\000s\000t\000\040\000A\000r\000r\000i\000v\000a\000l\000\040\000T\000i\000m\000e}{section.4}% 25
\BOOKMARK [2][-]{subsection.4.2}{\376\377\000S\000c\000e\000n\000a\000r\000i\000o\000\040\0002\000:\000\040\000R\000e\000d\000u\000c\000e\000d\000\040\000S\000p\000r\000e\000a\000d\000\040\000\050\000C\000o\000h\000e\000s\000i\000v\000i\000t\000y\000\051}{section.4}% 26
\BOOKMARK [2][-]{subsection.4.3}{\376\377\000S\000c\000e\000n\000a\000r\000i\000o\000\040\0003\000:\000\040\000R\000e\000d\000u\000c\000i\000n\000g\000\040\000C\000o\000l\000l\000i\000s\000i\000o\000n\000\040\000N\000u\000m\000b\000e\000r\000s}{section.4}% 27
\BOOKMARK [1][-]{section.5}{\376\377\000O\000p\000t\000i\000m\000i\000s\000a\000t\000i\000o\000n}{}% 28
\BOOKMARK [2][-]{subsection.5.1}{\376\377\000S\000i\000m\000u\000l\000a\000t\000e\000d\000\040\000A\000n\000n\000e\000a\000l\000i\000n\000g}{section.5}% 29
\BOOKMARK [2][-]{subsection.5.2}{\376\377\000S\000i\000m\000u\000l\000a\000t\000i\000o\000n\000s}{section.5}% 30
\BOOKMARK [2][-]{subsection.5.3}{\376\377\000R\000e\000s\000u\000l\000t\000s}{section.5}% 31
\BOOKMARK [3][-]{subsubsection.5.3.1}{\376\377\000S\000c\000e\000n\000a\000r\000i\000o\000\040\0001\000:\000\040\000S\000h\000o\000r\000t\000e\000s\000t\000\040\000F\000i\000r\000s\000t\000\040\000A\000r\000r\000i\000v\000a\000l\000\040\000T\000i\000m\000e}{subsection.5.3}% 32
\BOOKMARK [3][-]{subsubsection.5.3.2}{\376\377\000S\000c\000e\000n\000a\000r\000i\000o\000\040\0002\000:\000\040\000R\000e\000d\000u\000c\000e\000d\000\040\000S\000p\000r\000e\000a\000d\000\040\000\050\000C\000o\000h\000e\000s\000i\000v\000i\000t\000y\000\051}{subsection.5.3}% 33
\BOOKMARK [3][-]{subsubsection.5.3.3}{\376\377\000S\000c\000e\000n\000a\000r\000i\000o\000\040\0003\000:\000\040\000R\000e\000d\000u\000c\000i\000n\000g\000\040\000C\000o\000l\000l\000i\000s\000i\000o\000n\000\040\000N\000u\000m\000b\000e\000r\000s}{subsection.5.3}% 34
\BOOKMARK [2][-]{subsection.5.4}{\376\377\000S\000e\000n\000s\000i\000t\000i\000v\000i\000t\000y\000\040\000A\000n\000a\000l\000y\000s\000i\000s}{section.5}% 35
\BOOKMARK [2][-]{subsection.5.5}{\376\377\000D\000i\000s\000c\000u\000s\000s\000i\000o\000n}{section.5}% 36
\BOOKMARK [3][-]{subsubsection.5.5.1}{\376\377\000P\000a\000r\000a\000m\000e\000t\000e\000r\000-\000M\000e\000t\000r\000i\000c\000\040\000R\000e\000l\000a\000t\000i\000o\000n\000s\000h\000i\000p}{subsection.5.5}% 37
\BOOKMARK [3][-]{subsubsection.5.5.2}{\376\377\000C\000o\000l\000l\000i\000s\000i\000o\000n\000\040\000M\000e\000t\000r\000i\000c\000s}{subsection.5.5}% 38
\BOOKMARK [1][-]{section.6}{\376\377\000I\000m\000p\000r\000o\000v\000i\000n\000g\000\040\000A\000u\000t\000o\000n\000o\000m\000y}{}% 39
\BOOKMARK [2][-]{subsection.6.1}{\376\377\000B\000o\000i\000d\000s\000:\000\040\000I\000n\000t\000r\000o\000d\000u\000c\000i\000n\000g\000\040\000O\000b\000s\000t\000a\000c\000l\000e\000\040\000A\000v\000o\000i\000d\000a\000n\000c\000e}{section.6}% 40
\BOOKMARK [2][-]{subsection.6.2}{\376\377\000A\000\040\000S\000i\000m\000p\000l\000i\000f\000i\000e\000d\000\040\000M\000o\000d\000e\000l}{section.6}% 41
\BOOKMARK [3][-]{subsubsection.6.2.1}{\376\377\000R\000e\000p\000u\000l\000s\000i\000o\000n}{subsection.6.2}% 42
\BOOKMARK [3][-]{subsubsection.6.2.2}{\376\377\000A\000t\000t\000r\000a\000c\000t\000i\000o\000n}{subsection.6.2}% 43
\BOOKMARK [3][-]{subsubsection.6.2.3}{\376\377\000C\000o\000m\000b\000i\000n\000i\000n\000g\000\040\000B\000e\000h\000a\000v\000i\000o\000u\000r\000s\000:\000\040\000P\000o\000t\000e\000n\000t\000i\000a\000l\000\040\000F\000i\000e\000l\000d\000s}{subsection.6.2}% 44
\BOOKMARK [2][-]{subsection.6.3}{\376\377\000L\000o\000c\000a\000l\000\040\000P\000o\000t\000e\000n\000t\000i\000a\000l\000\040\000F\000i\000e\000l\000d\000\040\000E\000m\000e\000r\000g\000e\000n\000c\000e}{section.6}% 45
\BOOKMARK [3][-]{subsubsection.6.3.1}{\376\377\000T\000w\000o\000\040\000D\000i\000m\000e\000n\000s\000i\000o\000n\000a\000l\000\040\000A\000b\000s\000t\000r\000a\000c\000t\000i\000o\000n}{subsection.6.3}% 46
\BOOKMARK [2][-]{subsection.6.4}{\376\377\000C\000o\000m\000p\000a\000r\000i\000n\000g\000\040\000M\000o\000d\000e\000l\000s}{section.6}% 47
\BOOKMARK [1][-]{section.7}{\376\377\000F\000u\000t\000u\000r\000e\000\040\000W\000o\000r\000k}{}% 48
\BOOKMARK [2][-]{subsection.7.1}{\376\377\000L\000P\000F\000E\000\040\000I\000m\000p\000l\000e\000m\000e\000n\000t\000a\000t\000i\000o\000n}{section.7}% 49
\BOOKMARK [2][-]{subsection.7.2}{\376\377\000O\000t\000h\000e\000r\000\040\000M\000o\000d\000e\000l\000s}{section.7}% 50
\BOOKMARK [3][-]{subsubsection.7.2.1}{\376\377\000O\000n\000l\000i\000n\000e\000\040\000O\000p\000t\000i\000m\000i\000s\000a\000t\000i\000o\000n}{subsection.7.2}% 51
\BOOKMARK [3][-]{subsubsection.7.2.2}{\376\377\000N\000e\000u\000r\000a\000l\000\040\000N\000e\000t\000w\000o\000r\000k\000\040\000O\000p\000t\000i\000m\000i\000s\000a\000t\000o\000n}{subsection.7.2}% 52
\BOOKMARK [2][-]{subsection.7.3}{\376\377\000H\000o\000s\000t\000i\000l\000i\000t\000y}{section.7}% 53
\BOOKMARK [3][-]{subsubsection.7.3.1}{\376\377\000H\000o\000s\000t\000i\000l\000e\000\040\000A\000g\000e\000n\000t\000s}{subsection.7.3}% 54
\BOOKMARK [3][-]{subsubsection.7.3.2}{\376\377\000H\000o\000s\000t\000i\000l\000e\000\040\000E\000n\000v\000i\000r\000o\000n\000m\000e\000n\000t\000s}{subsection.7.3}% 55
\BOOKMARK [1][-]{section.8}{\376\377\000E\000v\000a\000l\000u\000a\000t\000i\000o\000n}{}% 56
\BOOKMARK [2][-]{subsection.8.1}{\376\377\000P\000r\000o\000j\000e\000c\000t\000\040\000M\000a\000n\000a\000g\000e\000m\000e\000n\000t}{section.8}% 57
\BOOKMARK [3][-]{subsubsection.8.1.1}{\376\377\000P\000r\000o\000j\000e\000c\000t\000\040\000T\000i\000m\000e\000l\000i\000n\000e\000\040\000M\000o\000d\000i\000f\000i\000c\000a\000t\000i\000o\000n\000s}{subsection.8.1}% 58
\BOOKMARK [3][-]{subsubsection.8.1.2}{\376\377\000M\000e\000t\000h\000o\000d\000o\000l\000o\000g\000y}{subsection.8.1}% 59
\BOOKMARK [3][-]{subsubsection.8.1.3}{\376\377\000C\000o\000n\000t\000i\000n\000g\000e\000n\000c\000y\000\040\000P\000l\000a\000n\000n\000i\000n\000g}{subsection.8.1}% 60
\BOOKMARK [2][-]{subsection.8.2}{\376\377\000R\000e\000m\000a\000r\000k\000s\000:\000\040\000A\000s\000s\000u\000m\000p\000t\000i\000o\000n\000s}{section.8}% 61
\BOOKMARK [2][-]{subsection.8.3}{\376\377\000A\000u\000t\000h\000o\000r\000'\000s\000\040\000A\000s\000s\000e\000s\000s\000m\000e\000n\000t\000\040\000o\000f\000\040\000t\000h\000e\000\040\000P\000r\000o\000j\000e\000c\000t}{section.8}% 62
